0 info it worked if it ends with ok
1 verbose cli [ '/usr/local/node/bin/node',
1 verbose cli   '/usr/local/node/bin/npm',
1 verbose cli   'unpublish',
1 verbose cli   '--force' ]
2 info using npm@3.10.10
3 info using node@v6.11.0
4 warn using --force I sure hope you know what you are doing.
5 silly unpublish args[0] undefined
6 silly unpublish thing {}
7 verbose unpublish { name: 'react-native-simple-star-rating',
7 verbose unpublish   version: '1.0.0',
7 verbose unpublish   description: 'A simple and fast star rating for React Native',
7 verbose unpublish   main: 'index.js',
7 verbose unpublish   scripts: { test: 'echo "Error: no test specified" && exit 1' },
7 verbose unpublish   repository:
7 verbose unpublish    { type: 'git',
7 verbose unpublish      url: 'git+https://github.com/kelvin1046/react-native-rating.git' },
7 verbose unpublish   keywords: [ 'ReactNative', 'StarRating', 'star-rating', 'react' ],
7 verbose unpublish   author: { name: 'Kelvin C.' },
7 verbose unpublish   license: 'ISC',
7 verbose unpublish   bugs: { url: 'https://github.com/kelvin1046/react-native-rating/issues' },
7 verbose unpublish   homepage: 'https://github.com/kelvin1046/react-native-rating#readme',
7 verbose unpublish   readme: '# react-native-rating\nSimple star rating for React Native\n',
7 verbose unpublish   readmeFilename: 'README.md',
7 verbose unpublish   gitHead: '4c26cff48006de98e913364ec4c281db4b8e3625',
7 verbose unpublish   _id: 'react-native-simple-star-rating@1.0.0' }
8 verbose getPublishConfig undefined
9 silly ls normalized react-native-simple-star-rating/1.0.0
10 silly gentlyRm /home/kelvin/.npm/react-native-simple-star-rating/1.0.0 is being purged
11 verbose gentlyRm don't care about contents; nuking /home/kelvin/.npm/react-native-simple-star-rating/1.0.0
12 silly vacuum-fs purging /home/kelvin/.npm/react-native-simple-star-rating/1.0.0
13 silly vacuum-fs removing /home/kelvin/.npm/react-native-simple-star-rating
14 silly vacuum-fs quitting because other entries in /home/kelvin/.npm
15 silly mapToRegistry name react-native-simple-star-rating
16 silly mapToRegistry using default registry
17 silly mapToRegistry registry https://registry.npmjs.org/
18 silly mapToRegistry data Result {
18 silly mapToRegistry   raw: 'react-native-simple-star-rating',
18 silly mapToRegistry   scope: null,
18 silly mapToRegistry   escapedName: 'react-native-simple-star-rating',
18 silly mapToRegistry   name: 'react-native-simple-star-rating',
18 silly mapToRegistry   rawSpec: '',
18 silly mapToRegistry   spec: 'latest',
18 silly mapToRegistry   type: 'tag' }
19 silly mapToRegistry uri https://registry.npmjs.org/react-native-simple-star-rating
20 verbose get GET as part of write; not caching result
21 verbose request uri https://registry.npmjs.org/react-native-simple-star-rating?write=true
22 verbose request no auth needed
23 info attempt registry request try #1 at 17:45:36
24 verbose request using bearer token for auth
25 verbose request id f6923fad7f7c30eb
26 http request GET https://registry.npmjs.org/react-native-simple-star-rating?write=true
27 http 200 https://registry.npmjs.org/react-native-simple-star-rating?write=true
28 verbose headers { server: 'CouchDB/1.6.1 (Erlang OTP/R16B03)',
28 verbose headers   'content-type': 'application/json',
28 verbose headers   etag: '"59501f7f-85b"',
28 verbose headers   'content-encoding': 'gzip',
28 verbose headers   'cache-control': 'max-age=0',
28 verbose headers   'transfer-encoding': 'chunked',
28 verbose headers   'accept-ranges': 'bytes',
28 verbose headers   date: 'Sun, 25 Jun 2017 20:45:37 GMT',
28 verbose headers   via: '1.1 varnish',
28 verbose headers   connection: 'keep-alive',
28 verbose headers   'x-served-by': 'cache-gru7123-GRU',
28 verbose headers   'x-cache': 'MISS',
28 verbose headers   'x-cache-hits': '0',
28 verbose headers   'x-timer': 'S1498423537.888661,VS0,VE800',
28 verbose headers   vary: 'Accept-Encoding' }
29 silly get cb [ 200,
29 silly get   { server: 'CouchDB/1.6.1 (Erlang OTP/R16B03)',
29 silly get     'content-type': 'application/json',
29 silly get     etag: '"59501f7f-85b"',
29 silly get     'content-encoding': 'gzip',
29 silly get     'cache-control': 'max-age=0',
29 silly get     'transfer-encoding': 'chunked',
29 silly get     'accept-ranges': 'bytes',
29 silly get     date: 'Sun, 25 Jun 2017 20:45:37 GMT',
29 silly get     via: '1.1 varnish',
29 silly get     connection: 'keep-alive',
29 silly get     'x-served-by': 'cache-gru7123-GRU',
29 silly get     'x-cache': 'MISS',
29 silly get     'x-cache-hits': '0',
29 silly get     'x-timer': 'S1498423537.888661,VS0,VE800',
29 silly get     vary: 'Accept-Encoding' } ]
30 verbose get saving react-native-simple-star-rating to /home/kelvin/.npm/registry.npmjs.org/react-native-simple-star-rating_3Fwrite_3Dtrue/.cache.json
31 verbose correctMkdir /home/kelvin/.npm correctMkdir not in flight; initializing
32 verbose unpublish removing attachments { shasum: 'd99d2038e33095cffbcba05f54e9ee273349d0a7',
32 verbose unpublish   tarball: 'https://registry.npmjs.org/react-native-simple-star-rating/-/react-native-simple-star-rating-1.0.0.tgz' }
33 info unpublish No versions remain, removing entire package
34 verbose request uri https://registry.npmjs.org/react-native-simple-star-rating/-rev/1-d727f7971346473b14d2702471941f91
35 verbose request sending authorization for write operation
36 info attempt registry request try #1 at 17:45:37
37 verbose request using bearer token for auth
38 http request DELETE https://registry.npmjs.org/react-native-simple-star-rating/-rev/1-d727f7971346473b14d2702471941f91
39 http 503 https://registry.npmjs.org/react-native-simple-star-rating/-rev/1-d727f7971346473b14d2702471941f91
40 verbose bad json <?xml version="1.0" encoding="utf-8"?>
40 verbose bad json <!DOCTYPE html PUBLIC "-//W3C//DTD XHTML 1.0 Strict//EN"
40 verbose bad json  "http://www.w3.org/TR/xhtml1/DTD/xhtml1-strict.dtd">
40 verbose bad json <html>
40 verbose bad json   <head>
40 verbose bad json     <title>503 first byte timeout</title>
40 verbose bad json   </head>
40 verbose bad json   <body>
40 verbose bad json     <h1>Error 503 first byte timeout</h1>
40 verbose bad json     <p>first byte timeout</p>
40 verbose bad json     <h3>Guru Mediation:</h3>
40 verbose bad json     <p>Details: cache-gru7123-GRU 1498423568 1662223639</p>
40 verbose bad json     <hr>
40 verbose bad json     <p>Varnish cache server</p>
40 verbose bad json   </body>
40 verbose bad json </html>
41 error registry error parsing json
42 verbose headers { server: 'Varnish',
42 verbose headers   'retry-after': '0',
42 verbose headers   'content-type': 'text/html; charset=utf-8',
42 verbose headers   'content-length': '448',
42 verbose headers   'accept-ranges': 'bytes',
42 verbose headers   date: 'Sun, 25 Jun 2017 20:46:08 GMT',
42 verbose headers   via: '1.1 varnish',
42 verbose headers   connection: 'close',
42 verbose headers   'x-served-by': 'cache-gru7123-GRU',
42 verbose headers   'x-cache': 'MISS',
42 verbose headers   'x-cache-hits': '0',
42 verbose headers   'x-timer': 'S1498423538.830348,VS0,VE30373' }
43 info retry will retry, error on last attempt: SyntaxError: Unexpected token < in JSON at position 1
43 info retry
43 info retry <?xml version="1.0" encoding="utf-8"?>
43 info retry <!DOCTYPE html PUBLIC "-//W3C//DTD XHTML 1.0 Strict//EN"
43 info retry  "http://www.w3.org/TR/xhtml1/DTD/xhtml1-strict.dtd">
43 info retry <html>
43 info retry   <head>
43 info retry     <title>503 first byte timeout</title>
43 info retry   </head>
43 info retry   <body>
43 info retry     <h1>Error 503 first byte timeout</h1>
43 info retry     <p>first byte timeout</p>
43 info retry     <h3>Guru Mediation:</h3>
43 info retry     <p>Details: cache-gru7123-GRU 1498423568 1662223639</p>
43 info retry     <hr>
43 info retry     <p>Varnish cache server</p>
43 info retry   </body>
43 info retry </html>
44 info attempt registry request try #2 at 17:46:18
45 verbose request using bearer token for auth
46 http request DELETE https://registry.npmjs.org/react-native-simple-star-rating/-rev/1-d727f7971346473b14d2702471941f91
47 http 403 https://registry.npmjs.org/react-native-simple-star-rating/-rev/1-d727f7971346473b14d2702471941f91
48 verbose headers { 'content-type': 'application/json',
48 verbose headers   'cache-control': 'max-age=300',
48 verbose headers   'content-length': '125',
48 verbose headers   'accept-ranges': 'bytes',
48 verbose headers   date: 'Sun, 25 Jun 2017 20:46:18 GMT',
48 verbose headers   via: '1.1 varnish',
48 verbose headers   connection: 'keep-alive',
48 verbose headers   'x-served-by': 'cache-gru7124-GRU',
48 verbose headers   'x-cache': 'MISS',
48 verbose headers   'x-cache-hits': '0',
48 verbose headers   'x-timer': 'S1498423579.664346,VS0,VE229',
48 verbose headers   vary: 'Accept-Encoding' }
49 verbose request invalidating /home/kelvin/.npm/registry.npmjs.org/react-native-simple-star-rating on DELETE
50 verbose stack Error: you do not have permission to publish "react-native-simple-star-rating". Are you logged in as the correct user? : react-native-simple-star-rating
50 verbose stack     at makeError (/usr/local/node/lib/node_modules/npm/node_modules/npm-registry-client/lib/request.js:302:12)
50 verbose stack     at CachingRegistryClient.<anonymous> (/usr/local/node/lib/node_modules/npm/node_modules/npm-registry-client/lib/request.js:290:14)
50 verbose stack     at Request._callback (/usr/local/node/lib/node_modules/npm/node_modules/npm-registry-client/lib/request.js:210:14)
50 verbose stack     at Request.self.callback (/usr/local/node/lib/node_modules/npm/node_modules/request/request.js:187:22)
50 verbose stack     at emitTwo (events.js:106:13)
50 verbose stack     at Request.emit (events.js:191:7)
50 verbose stack     at Request.<anonymous> (/usr/local/node/lib/node_modules/npm/node_modules/request/request.js:1048:10)
50 verbose stack     at emitOne (events.js:96:13)
50 verbose stack     at Request.emit (events.js:188:7)
50 verbose stack     at IncomingMessage.<anonymous> (/usr/local/node/lib/node_modules/npm/node_modules/request/request.js:969:12)
51 verbose statusCode 403
52 verbose pkgid react-native-simple-star-rating
53 verbose cwd /home/kelvin/Trabalho/TheLivery/TheRestaurant/App/components/rn-rating-stars
54 error Linux 4.9.33-1-MANJARO
55 error argv "/usr/local/node/bin/node" "/usr/local/node/bin/npm" "unpublish" "--force"
56 error node v6.11.0
57 error npm  v3.10.10
58 error code E403
59 error you do not have permission to publish "react-native-simple-star-rating". Are you logged in as the correct user? : react-native-simple-star-rating
60 error If you need help, you may report this error at:
60 error     <https://github.com/npm/npm/issues>
61 verbose exit [ 1, true ]
